2026-05-24 13:28:24,314 [FAILOVER] WARNING LIFEBOAT received for edge-alpha
2026-05-24 13:28:24,315 [FAILOVER] INFO =======================================================
2026-05-24 13:28:24,315 [FAILOVER] INFO CONTEXTUAL REBIRTH -- inherited routing state:
2026-05-24 13:28:24,316 [FAILOVER] INFO   Active flows to restore : 40,646
2026-05-24 13:28:24,316 [FAILOVER] INFO   Null-routing 3 prefixes
2026-05-24 13:28:24,317 [FAILOVER] INFO     ip route add blackhole 8.96.159.0/24
2026-05-24 13:28:24,317 [FAILOVER] INFO     ip route add blackhole 96.96.158.0/24
2026-05-24 13:28:24,317 [FAILOVER] INFO     ip route add blackhole 158.158.161.0/24
2026-05-24 13:28:24,318 [FAILOVER] INFO   Installing 11 DDoS blocks
2026-05-24 13:28:24,318 [FAILOVER] INFO     iptables -I INPUT -s SRC_204.0 -j DROP
2026-05-24 13:28:24,319 [FAILOVER] INFO     iptables -I INPUT -s SRC_54.156 -j DROP
2026-05-24 13:28:24,319 [FAILOVER] INFO     iptables -I INPUT -s SRC_222.171 -j DROP
2026-05-24 13:28:24,320 [FAILOVER] INFO     iptables -I INPUT -s SRC_58.2 -j DROP
2026-05-24 13:28:24,320 [FAILOVER] INFO     iptables -I INPUT -s SRC_76.72 -j DROP
2026-05-24 13:28:24,321 [FAILOVER] INFO =======================================================
2026-05-25 14:39:10,387 [FAILOVER] WARNING LIFEBOAT received for edge-alpha
2026-05-25 14:39:10,388 [FAILOVER] INFO =======================================================
2026-05-25 14:39:10,388 [FAILOVER] INFO CONTEXTUAL REBIRTH -- inherited routing state:
2026-05-25 14:39:10,388 [FAILOVER] INFO   Active flows to restore : 78,090
2026-05-25 14:39:10,388 [FAILOVER] INFO   Null-routing 3 prefixes
2026-05-25 14:39:10,389 [FAILOVER] INFO     ip route add blackhole 8.96.159.0/24
2026-05-25 14:39:10,389 [FAILOVER] INFO     ip route add blackhole 96.96.158.0/24
2026-05-25 14:39:10,389 [FAILOVER] INFO     ip route add blackhole 158.158.161.0/24
2026-05-25 14:39:10,389 [FAILOVER] INFO   Installing 11 DDoS blocks
2026-05-25 14:39:10,390 [FAILOVER] INFO     iptables -I INPUT -s SRC_204.0 -j DROP
2026-05-25 14:39:10,390 [FAILOVER] INFO     iptables -I INPUT -s SRC_54.156 -j DROP
2026-05-25 14:39:10,390 [FAILOVER] INFO     iptables -I INPUT -s SRC_222.171 -j DROP
2026-05-25 14:39:10,390 [FAILOVER] INFO     iptables -I INPUT -s SRC_58.2 -j DROP
2026-05-25 14:39:10,391 [FAILOVER] INFO     iptables -I INPUT -s SRC_76.72 -j DROP
2026-05-25 14:39:10,391 [FAILOVER] INFO =======================================================
2026-05-25 14:39:10,391 [FAILOVER] INFO FHE THRESHOLD EVALUATION (no decryption):
2026-05-25 14:39:10,392 [FAILOVER] INFO   Stress encoded : 14083  threshold=55705  critical=False
2026-05-25 14:39:10,392 [FAILOVER] INFO   Temp encoded   : 36398  critical=True
2026-05-25 14:39:10,392 [FAILOVER] INFO   >>> ROUTING DECISION : SHED_LOWEST_PRIORITY
2026-05-25 14:39:10,392 [FAILOVER] INFO =======================================================
2026-05-25 14:41:18,722 [FAILOVER] WARNING LIFEBOAT received for edge-alpha
2026-05-25 14:41:18,723 [FAILOVER] INFO =======================================================
2026-05-25 14:41:18,723 [FAILOVER] INFO CONTEXTUAL REBIRTH -- inherited routing state:
2026-05-25 14:41:18,723 [FAILOVER] INFO   Active flows to restore : 13,370
2026-05-25 14:41:18,724 [FAILOVER] INFO   Null-routing 3 prefixes
2026-05-25 14:41:18,724 [FAILOVER] INFO     ip route add blackhole 8.96.159.0/24
2026-05-25 14:41:18,724 [FAILOVER] INFO     ip route add blackhole 96.96.158.0/24
2026-05-25 14:41:18,724 [FAILOVER] INFO     ip route add blackhole 158.158.161.0/24
2026-05-25 14:41:18,725 [FAILOVER] INFO   Installing 11 DDoS blocks
2026-05-25 14:41:18,725 [FAILOVER] INFO     iptables -I INPUT -s SRC_204.0 -j DROP
2026-05-25 14:41:18,725 [FAILOVER] INFO     iptables -I INPUT -s SRC_54.156 -j DROP
2026-05-25 14:41:18,725 [FAILOVER] INFO     iptables -I INPUT -s SRC_222.171 -j DROP
2026-05-25 14:41:18,725 [FAILOVER] INFO     iptables -I INPUT -s SRC_58.2 -j DROP
2026-05-25 14:41:18,726 [FAILOVER] INFO     iptables -I INPUT -s SRC_76.72 -j DROP
2026-05-25 14:41:18,726 [FAILOVER] INFO =======================================================
2026-05-25 14:41:18,726 [FAILOVER] INFO FHE THRESHOLD EVALUATION (no decryption):
2026-05-25 14:41:18,727 [FAILOVER] INFO   Stress encoded : 32242  threshold=26209  critical=True
2026-05-25 14:41:18,727 [FAILOVER] INFO   Temp encoded   : 36975  critical=False
2026-05-25 14:41:18,727 [FAILOVER] INFO   >>> ROUTING DECISION : THROTTLE_NEW_FLOWS
2026-05-25 14:41:18,727 [FAILOVER] INFO =======================================================
2026-05-25 14:43:33,493 [FAILOVER] WARNING LIFEBOAT received for edge-alpha
2026-05-25 14:43:33,493 [FAILOVER] INFO =======================================================
2026-05-25 14:43:33,494 [FAILOVER] INFO CONTEXTUAL REBIRTH -- inherited routing state:
2026-05-25 14:43:33,494 [FAILOVER] INFO   Active flows to restore : 42,021
2026-05-25 14:43:33,495 [FAILOVER] INFO   Null-routing 3 prefixes
2026-05-25 14:43:33,495 [FAILOVER] INFO     ip route add blackhole 8.96.159.0/24
2026-05-25 14:43:33,496 [FAILOVER] INFO     ip route add blackhole 96.96.158.0/24
2026-05-25 14:43:33,496 [FAILOVER] INFO     ip route add blackhole 158.158.161.0/24
2026-05-25 14:43:33,496 [FAILOVER] INFO   Installing 11 DDoS blocks
2026-05-25 14:43:33,496 [FAILOVER] INFO     iptables -I INPUT -s SRC_204.0 -j DROP
2026-05-25 14:43:33,496 [FAILOVER] INFO     iptables -I INPUT -s SRC_54.156 -j DROP
2026-05-25 14:43:33,497 [FAILOVER] INFO     iptables -I INPUT -s SRC_222.171 -j DROP
2026-05-25 14:43:33,497 [FAILOVER] INFO     iptables -I INPUT -s SRC_58.2 -j DROP
2026-05-25 14:43:33,497 [FAILOVER] INFO     iptables -I INPUT -s SRC_76.72 -j DROP
2026-05-25 14:43:33,498 [FAILOVER] INFO =======================================================
2026-05-25 14:43:33,498 [FAILOVER] INFO FHE THRESHOLD EVALUATION (no decryption):
2026-05-25 14:43:33,498 [FAILOVER] INFO   Stress encoded : 55053  threshold=55705  critical=True
2026-05-25 14:43:33,499 [FAILOVER] INFO   Temp encoded   : 59599  critical=True
2026-05-25 14:43:33,499 [FAILOVER] INFO   >>> ROUTING DECISION : NULL_ROUTE_ALL_INBOUND
2026-05-25 14:43:33,499 [FAILOVER] INFO =======================================================
2026-05-25 14:45:26,309 [FAILOVER] WARNING LIFEBOAT received for edge-alpha
2026-05-25 14:45:26,310 [FAILOVER] INFO =======================================================
2026-05-25 14:45:26,310 [FAILOVER] INFO CONTEXTUAL REBIRTH -- inherited routing state:
2026-05-25 14:45:26,310 [FAILOVER] INFO   Active flows to restore : 72,857
2026-05-25 14:45:26,311 [FAILOVER] INFO   Null-routing 3 prefixes
2026-05-25 14:45:26,311 [FAILOVER] INFO     ip route add blackhole 8.96.159.0/24
2026-05-25 14:45:26,312 [FAILOVER] INFO     ip route add blackhole 96.96.158.0/24
2026-05-25 14:45:26,312 [FAILOVER] INFO     ip route add blackhole 158.158.161.0/24
2026-05-25 14:45:26,312 [FAILOVER] INFO   Installing 11 DDoS blocks
2026-05-25 14:45:26,313 [FAILOVER] INFO     iptables -I INPUT -s SRC_204.0 -j DROP
2026-05-25 14:45:26,313 [FAILOVER] INFO     iptables -I INPUT -s SRC_54.156 -j DROP
2026-05-25 14:45:26,313 [FAILOVER] INFO     iptables -I INPUT -s SRC_222.171 -j DROP
2026-05-25 14:45:26,313 [FAILOVER] INFO     iptables -I INPUT -s SRC_58.2 -j DROP
2026-05-25 14:45:26,314 [FAILOVER] INFO     iptables -I INPUT -s SRC_76.72 -j DROP
2026-05-25 14:45:26,314 [FAILOVER] INFO =======================================================
2026-05-25 14:45:26,314 [FAILOVER] INFO FHE THRESHOLD EVALUATION (no decryption):
2026-05-25 14:45:26,314 [FAILOVER] INFO   Stress encoded : 2611  threshold=55705  critical=False
2026-05-25 14:45:26,314 [FAILOVER] INFO   Temp encoded   : 56306  critical=True
2026-05-25 14:45:26,315 [FAILOVER] INFO   >>> ROUTING DECISION : SHED_LOWEST_PRIORITY
2026-05-25 14:45:26,315 [FAILOVER] INFO =======================================================
