2026-05-24 13:28:23,718 [HUB] WARNING MAYDAY from edge-alpha  stress=0.892
2026-05-24 13:28:24,300 [HUB] INFO Bootstrap complete 580.9ms
2026-05-24 13:28:24,326 [HUB] INFO Lifeboat dropped -> failover 200
2026-05-25 14:35:11,073 [HUB] WARNING MAYDAY from edge-alpha  stress=0.895  mock=False
2026-05-25 14:35:11,073 [HUB] INFO FHE ciphertext received  coeffs=16  ct[0]=13090
2026-05-25 14:35:11,101 [HUB] INFO Bootstrap complete 28.1ms
2026-05-25 14:35:11,101 [HUB] INFO Lifeboat dropped -> failover 200
2026-05-25 14:39:10,371 [HUB] WARNING MAYDAY from edge-alpha  stress=0.902  mock=False
2026-05-25 14:39:10,371 [HUB] WARNING MAYDAY from edge-alpha  stress=0.902  mock=False
2026-05-25 14:39:10,372 [HUB] INFO FHE ciphertext received  coeffs=16  ct[0]=50735
2026-05-25 14:39:10,372 [HUB] INFO FHE ciphertext received  coeffs=16  ct[0]=50735
2026-05-25 14:39:10,393 [HUB] INFO Bootstrap complete 22.1ms
2026-05-25 14:39:10,393 [HUB] INFO Bootstrap complete 22.1ms
2026-05-25 14:39:10,394 [HUB] INFO Lifeboat dropped -> failover 200
2026-05-25 14:39:10,394 [HUB] INFO Lifeboat dropped -> failover 200
2026-05-25 14:41:18,707 [HUB] WARNING MAYDAY from edge-alpha  stress=0.932  mock=False
2026-05-25 14:41:18,707 [HUB] WARNING MAYDAY from edge-alpha  stress=0.932  mock=False
2026-05-25 14:41:18,707 [HUB] INFO FHE ciphertext received  coeffs=16  ct[0]=2306
2026-05-25 14:41:18,707 [HUB] INFO FHE ciphertext received  coeffs=16  ct[0]=2306
2026-05-25 14:41:18,728 [HUB] INFO Bootstrap complete 21.6ms
2026-05-25 14:41:18,728 [HUB] INFO Bootstrap complete 21.6ms
2026-05-25 14:41:18,729 [HUB] INFO Lifeboat dropped -> failover 200
2026-05-25 14:41:18,729 [HUB] INFO Lifeboat dropped -> failover 200
2026-05-25 14:43:33,476 [HUB] WARNING MAYDAY from edge-alpha  stress=0.865  mock=False
2026-05-25 14:43:33,476 [HUB] WARNING MAYDAY from edge-alpha  stress=0.865  mock=False
2026-05-25 14:43:33,477 [HUB] INFO FHE ciphertext received  coeffs=16  ct[0]=8392
2026-05-25 14:43:33,477 [HUB] INFO FHE ciphertext received  coeffs=16  ct[0]=8392
2026-05-25 14:43:33,500 [HUB] INFO Bootstrap complete 24.0ms
2026-05-25 14:43:33,500 [HUB] INFO Bootstrap complete 24.0ms
2026-05-25 14:43:33,501 [HUB] INFO Lifeboat dropped -> failover 200
2026-05-25 14:43:33,501 [HUB] INFO Lifeboat dropped -> failover 200
2026-05-25 14:45:26,296 [HUB] WARNING MAYDAY from edge-alpha  stress=0.882  mock=False
2026-05-25 14:45:26,296 [HUB] WARNING MAYDAY from edge-alpha  stress=0.882  mock=False
2026-05-25 14:45:26,297 [HUB] INFO FHE ciphertext received  coeffs=16  ct[0]=32749
2026-05-25 14:45:26,297 [HUB] INFO FHE ciphertext received  coeffs=16  ct[0]=32749
2026-05-25 14:45:26,316 [HUB] INFO Bootstrap complete 20.7ms
2026-05-25 14:45:26,316 [HUB] INFO Bootstrap complete 20.7ms
2026-05-25 14:45:26,317 [HUB] INFO Lifeboat dropped -> failover 200
2026-05-25 14:45:26,317 [HUB] INFO Lifeboat dropped -> failover 200
